2020-04-14 10:25:30,523 INFO  [log] automation123
2020-04-14 10:25:30,523 INFO  [log] 2020
2020-04-14 10:25:30,523 INFO  [log] 35
2020-04-14 10:25:30,523 INFO  [log] 1144
2020-04-14 10:25:31,357 INFO  [log] baskan
2020-04-14 10:25:31,357 INFO  [log] baskan
2020-04-14 10:27:36,709 INFO  [log] automation123
2020-04-14 10:27:36,709 INFO  [log] 2020
2020-04-14 10:27:36,709 INFO  [log] 35
2020-04-14 10:27:36,709 INFO  [log] 1144
2020-04-14 10:27:37,511 INFO  [log] baskan
2020-04-14 10:27:37,511 INFO  [log] baskan
2020-04-14 10:28:40,474 INFO  [log] automation123
2020-04-14 10:28:40,474 INFO  [log] 2020
2020-04-14 10:28:40,475 INFO  [log] 35
2020-04-14 10:28:40,475 INFO  [log] 1144
2020-04-14 10:28:41,295 INFO  [log] baskan
2020-04-14 10:28:41,296 INFO  [log] baskan
2020-04-14 10:30:27,049 INFO  [log] automation123
2020-04-14 10:30:27,049 INFO  [log] 2020
2020-04-14 10:30:27,049 INFO  [log] 35
2020-04-14 10:30:27,049 INFO  [log] 1144
2020-04-14 10:30:27,860 INFO  [log] baskan
2020-04-14 10:30:27,860 INFO  [log] baskan
2020-04-14 10:32:05,646 INFO  [log] demir
2020-04-14 10:32:05,646 INFO  [log] demir
2020-04-14 10:39:55,462 INFO  [log] demir
2020-04-14 10:39:55,462 INFO  [log] demir
2020-04-14 12:24:26,620 INFO  [log] hasan
2020-04-14 12:24:26,621 INFO  [log] hasan
2020-04-14 13:05:55,469 INFO  [log] hasan
2020-04-14 13:05:55,469 INFO  [log] hasan
2020-04-14 13:08:27,021 INFO  [log] george2
2020-04-14 13:08:27,021 INFO  [log] george2
2020-04-14 13:13:31,057 INFO  [log] george4
2020-04-14 13:13:31,058 INFO  [log] george4
2020-04-14 18:51:55,551 INFO  [log] second test suite
2020-04-14 18:53:21,776 INFO  [log] second test suite
2020-04-14 18:53:46,226 INFO  [log] second test suite
2020-04-14 19:05:34,370 INFO  [log] mike1
2020-04-14 19:05:34,371 INFO  [log] mike1
2020-04-14 19:05:38,059 INFO  [log] second test suite
2020-04-14 20:24:39,650 INFO  [log] mike1
2020-04-14 20:24:39,650 INFO  [log] mike1
2020-04-14 20:24:43,330 INFO  [log] second test suite
2020-04-16 14:07:25,829 INFO  [log] mike1
2020-04-16 14:07:25,839 INFO  [log] mike1
2020-04-16 14:07:30,647 INFO  [log] second test suite
2020-04-16 14:23:12,225 INFO  [log] mike1
2020-04-16 14:23:12,226 INFO  [log] mike1
2020-04-16 14:23:17,044 INFO  [log] second test suite
2020-05-20 14:51:14,826 INFO  [log] mike1
2020-05-20 14:51:14,830 INFO  [log] mike1
2020-05-20 14:51:18,416 INFO  [log] second test suite
2020-05-21 14:24:07,914 INFO  [log] mike1
2020-05-21 14:24:07,915 INFO  [log] mike1
2020-05-21 14:24:11,310 INFO  [log] second test suite
2020-05-22 14:24:02,659 INFO  [log] mike1
2020-05-22 14:24:02,660 INFO  [log] mike1
2020-05-22 14:24:05,960 INFO  [log] second test suite
2020-05-23 21:16:47,208 INFO  [log] mike1
2020-05-23 21:16:47,209 INFO  [log] mike1
2020-05-23 21:16:50,801 INFO  [log] second test suite
